0 info it worked if it ends with ok
1 verbose cli [ '/usr/bin/node',
1 verbose cli   '/usr/bin/npm',
1 verbose cli   'install',
1 verbose cli   'express',
1 verbose cli   'logfmt',
1 verbose cli   '--save' ]
2 info using npm@1.4.21
3 info using node@v0.10.30
4 verbose node symlink /usr/bin/node
5 verbose readDependencies using package.json deps
6 verbose cache add [ 'express@^4.8.5', null ]
7 verbose cache add name=undefined spec="express@^4.8.5" args=["express@^4.8.5",null]
8 verbose parsed url { protocol: null,
8 verbose parsed url   slashes: null,
8 verbose parsed url   auth: null,
8 verbose parsed url   host: null,
8 verbose parsed url   port: null,
8 verbose parsed url   hostname: null,
8 verbose parsed url   hash: null,
8 verbose parsed url   search: null,
8 verbose parsed url   query: null,
8 verbose parsed url   pathname: 'express@^4.8.5',
8 verbose parsed url   path: 'express@^4.8.5',
8 verbose parsed url   href: 'express@^4.8.5' }
9 verbose cache add [ 'logfmt@^1.1.2', null ]
10 verbose cache add name=undefined spec="logfmt@^1.1.2" args=["logfmt@^1.1.2",null]
11 verbose parsed url { protocol: null,
11 verbose parsed url   slashes: null,
11 verbose parsed url   auth: null,
11 verbose parsed url   host: null,
11 verbose parsed url   port: null,
11 verbose parsed url   hostname: null,
11 verbose parsed url   hash: null,
11 verbose parsed url   search: null,
11 verbose parsed url   query: null,
11 verbose parsed url   pathname: 'logfmt@^1.1.2',
11 verbose parsed url   path: 'logfmt@^1.1.2',
11 verbose parsed url   href: 'logfmt@^1.1.2' }
12 verbose cache add name="express" spec="^4.8.5" args=["express","^4.8.5"]
13 verbose parsed url { protocol: null,
13 verbose parsed url   slashes: null,
13 verbose parsed url   auth: null,
13 verbose parsed url   host: null,
13 verbose parsed url   port: null,
13 verbose parsed url   hostname: null,
13 verbose parsed url   hash: null,
13 verbose parsed url   search: null,
13 verbose parsed url   query: null,
13 verbose parsed url   pathname: '^4.8.5',
13 verbose parsed url   path: '^4.8.5',
13 verbose parsed url   href: '^4.8.5' }
14 verbose addNamed [ 'express', '^4.8.5' ]
15 verbose addNamed [ null, '>=4.8.5-0 <5.0.0-0' ]
16 verbose cache add name="logfmt" spec="^1.1.2" args=["logfmt","^1.1.2"]
17 verbose parsed url { protocol: null,
17 verbose parsed url   slashes: null,
17 verbose parsed url   auth: null,
17 verbose parsed url   host: null,
17 verbose parsed url   port: null,
17 verbose parsed url   hostname: null,
17 verbose parsed url   hash: null,
17 verbose parsed url   search: null,
17 verbose parsed url   query: null,
17 verbose parsed url   pathname: '^1.1.2',
17 verbose parsed url   path: '^1.1.2',
17 verbose parsed url   href: '^1.1.2' }
18 verbose addNamed [ 'logfmt', '^1.1.2' ]
19 verbose addNamed [ null, '>=1.1.2-0 <2.0.0-0' ]
20 silly lockFile f6704440-express-4-8-5 express@^4.8.5
21 verbose lock express@^4.8.5 /home/vagrant/.npm/f6704440-express-4-8-5.lock
22 silly lockFile 34a0c9f6-logfmt-1-1-2 logfmt@^1.1.2
23 verbose lock logfmt@^1.1.2 /home/vagrant/.npm/34a0c9f6-logfmt-1-1-2.lock
24 silly addNameRange { name: 'express', range: '>=4.8.5-0 <5.0.0-0', hasData: false }
25 silly addNameRange { name: 'logfmt', range: '>=1.1.2-0 <2.0.0-0', hasData: false }
26 verbose request where is /express
27 verbose request registry https://registry.npmjs.org/
28 verbose request id c7fb16c2766b2185
29 verbose url raw /express
30 verbose url resolving [ 'https://registry.npmjs.org/', './express' ]
31 verbose url resolved https://registry.npmjs.org/express
32 verbose request where is https://registry.npmjs.org/express
33 info trying registry request attempt 1 at 17:42:44
34 verbose etag "2P1O91NYYIO059EQV8L6LQTJP"
35 http GET https://registry.npmjs.org/express
36 verbose request where is /logfmt
37 verbose request registry https://registry.npmjs.org/
38 verbose url raw /logfmt
39 verbose url resolving [ 'https://registry.npmjs.org/', './logfmt' ]
40 verbose url resolved https://registry.npmjs.org/logfmt
41 verbose request where is https://registry.npmjs.org/logfmt
42 info trying registry request attempt 1 at 17:42:44
43 verbose etag "57LUGXXCMHZJNHYE93ESX8HHV"
44 http GET https://registry.npmjs.org/logfmt
45 http 304 https://registry.npmjs.org/express
46 silly registry.get cb [ 304,
46 silly registry.get   { date: 'Tue, 19 Aug 2014 17:42:49 GMT',
46 silly registry.get     server: 'Apache',
46 silly registry.get     via: '1.1 varnish',
46 silly registry.get     'last-modified': 'Tue, 19 Aug 2014 17:42:45 GMT',
46 silly registry.get     'cache-control': 'max-age=60',
46 silly registry.get     etag: '"2P1O91NYYIO059EQV8L6LQTJP"',
46 silly registry.get     'x-served-by': 'cache-dfw1829-DFW',
46 silly registry.get     'x-cache': 'HIT',
46 silly registry.get     'x-cache-hits': '3',
46 silly registry.get     'x-timer': 'S1408470169.730028,VS0,VE0',
46 silly registry.get     vary: 'Accept',
46 silly registry.get     'content-length': '0',
46 silly registry.get     'keep-alive': 'timeout=10, max=50',
46 silly registry.get     connection: 'Keep-Alive' } ]
47 verbose etag https://registry.npmjs.org/express from cache
48 silly addNameRange number 2 { name: 'express', range: '>=4.8.5-0 <5.0.0-0', hasData: true }
49 silly addNameRange versions [ 'express',
49 silly addNameRange   [ '0.14.0',
49 silly addNameRange     '0.14.1',
49 silly addNameRange     '1.0.0',
49 silly addNameRange     '1.0.1',
49 silly addNameRange     '1.0.2',
49 silly addNameRange     '1.0.3',
49 silly addNameRange     '1.0.4',
49 silly addNameRange     '1.0.5',
49 silly addNameRange     '1.0.6',
49 silly addNameRange     '1.0.7',
49 silly addNameRange     '1.0.8',
49 silly addNameRange     '2.0.0',
49 silly addNameRange     '2.1.0',
49 silly addNameRange     '2.1.1',
49 silly addNameRange     '2.2.0',
49 silly addNameRange     '2.2.1',
49 silly addNameRange     '2.2.2',
49 silly addNameRange     '2.3.0',
49 silly addNameRange     '2.3.1',
49 silly addNameRange     '2.3.2',
49 silly addNameRange     '2.3.3',
49 silly addNameRange     '2.3.4',
49 silly addNameRange     '2.3.5',
49 silly addNameRange     '2.3.6',
49 silly addNameRange     '2.3.7',
49 silly addNameRange     '2.3.8',
49 silly addNameRange     '2.3.9',
49 silly addNameRange     '2.3.10',
49 silly addNameRange     '2.3.11',
49 silly addNameRange     '2.3.12',
49 silly addNameRange     '2.4.0',
49 silly addNameRange     '2.4.1',
49 silly addNameRange     '2.4.2',
49 silly addNameRange     '2.4.3',
49 silly addNameRange     '2.4.4',
49 silly addNameRange     '2.4.5',
49 silly addNameRange     '2.4.6',
49 silly addNameRange     '2.4.7',
49 silly addNameRange     '2.5.0',
49 silly addNameRange     '2.5.1',
49 silly addNameRange     '2.5.2',
49 silly addNameRange     '2.5.3',
49 silly addNameRange     '2.5.4',
49 silly addNameRange     '2.5.5',
49 silly addNameRange     '2.5.6',
49 silly addNameRange     '2.5.7',
49 silly addNameRange     '2.5.8',
49 silly addNameRange     '2.5.9',
49 silly addNameRange     '2.5.10',
49 silly addNameRange     '2.5.11',
49 silly addNameRange     '3.0.0',
49 silly addNameRange     '3.0.1',
49 silly addNameRange     '3.0.2',
49 silly addNameRange     '3.0.3',
49 silly addNameRange     '3.0.4',
49 silly addNameRange     '3.0.5',
49 silly addNameRange     '3.0.6',
49 silly addNameRange     '3.1.0',
49 silly addNameRange     '3.1.1',
49 silly addNameRange     '3.1.2',
49 silly addNameRange     '3.2.0',
49 silly addNameRange     '3.2.1',
49 silly addNameRange     '3.2.2',
49 silly addNameRange     '3.2.3',
49 silly addNameRange     '3.2.4',
49 silly addNameRange     '3.2.5',
49 silly addNameRange     '3.2.6',
49 silly addNameRange     '3.3.0',
49 silly addNameRange     '3.3.1',
49 silly addNameRange     '3.3.2',
49 silly addNameRange     '3.3.3',
49 silly addNameRange     '3.3.4',
49 silly addNameRange     '3.3.5',
49 silly addNameRange     '3.3.6',
49 silly addNameRange     '1.0.0-beta',
49 silly addNameRange     '1.0.0-beta2',
49 silly addNameRange     '1.0.0-rc',
49 silly addNameRange     '1.0.0-rc2',
49 silly addNameRange     '1.0.0-rc3',
49 silly addNameRange     '1.0.0-rc4',
49 silly addNameRange     '2.0.0-beta',
49 silly addNameRange     '2.0.0-beta2',
49 silly addNameRange     '2.0.0-beta3',
49 silly addNameRange     '2.0.0-rc',
49 silly addNameRange     '2.0.0-rc2',
49 silly addNameRange     '2.0.0-rc3',
49 silly addNameRange     '3.0.0-alpha1',
49 silly addNameRange     '3.0.0-alpha2',
49 silly addNameRange     '3.0.0-alpha3',
49 silly addNameRange     '3.0.0-alpha4',
49 silly addNameRange     '3.0.0-alpha5',
49 silly addNameRange     '3.0.0-beta1',
49 silly addNameRange     '3.0.0-beta2',
49 silly addNameRange     '3.0.0-beta3',
49 silly addNameRange     '3.0.0-beta4',
49 silly addNameRange     '3.0.0-beta6',
49 silly addNameRange     '3.0.0-beta7',
49 silly addNameRange     '3.0.0-rc1',
49 silly addNameRange     '3.0.0-rc2',
49 silly addNameRange     '3.0.0-rc3',
49 silly addNameRange     '3.0.0-rc4',
49 silly addNameRange     '3.0.0-rc5',
49 silly addNameRange     '3.3.7',
49 silly addNameRange     '3.3.8',
49 silly addNameRange     '3.4.0',
49 silly addNameRange     '3.4.1',
49 silly addNameRange     '3.4.2',
49 silly addNameRange     '3.4.3',
49 silly addNameRange     '3.4.4',
49 silly addNameRange     '3.4.5',
49 silly addNameRange     '3.4.6',
49 silly addNameRange     '3.4.7',
49 silly addNameRange     '3.4.8',
49 silly addNameRange     '4.0.0-rc1',
49 silly addNameRange     '4.0.0-rc2',
49 silly addNameRange     '3.5.0',
49 silly addNameRange     '4.0.0-rc3',
49 silly addNameRange     '4.0.0-rc4',
49 silly addNameRange     '3.5.1',
49 silly addNameRange     '4.0.0',
49 silly addNameRange     '3.5.2',
49 silly addNameRange     '4.1.0',
49 silly addNameRange     '4.1.1',
49 silly addNameRange     '3.5.3',
49 silly addNameRange     '4.1.2',
49 silly addNameRange     '3.6.0',
49 silly addNameRange     '4.2.0',
49 silly addNameRange     '3.7.0',
49 silly addNameRange     '3.8.0',
49 silly addNameRange     '4.3.0',
49 silly addNameRange     '4.3.1',
49 silly addNameRange     '3.8.1',
49 silly addNameRange     '4.3.2',
49 silly addNameRange     '3.9.0',
49 silly addNameRange     '4.4.0',
49 silly addNameRange     '4.4.1',
49 silly addNameRange     '3.10.0',
49 silly addNameRange     '3.10.1',
49 silly addNameRange     '3.10.2',
49 silly addNameRange     '3.10.3',
49 silly addNameRange     '3.10.4',
49 silly addNameRange     '4.4.2',
49 silly addNameRange     '3.10.5',
49 silly addNameRange     '4.4.3',
49 silly addNameRange     '3.11.0',
49 silly addNameRange     '4.4.4',
49 silly addNameRange     '3.12.0',
49 silly addNameRange     '3.12.1',
49 silly addNameRange     '4.4.5',
49 silly addNameRange     '3.13.0',
49 silly addNameRange     '4.5.0',
49 silly addNameRange     '4.5.1',
49 silly addNameRange     '3.14.0',
49 silly addNameRange     '4.6.0',
49 silly addNameRange     '4.6.1',
49 silly addNameRange     '3.15.0',
49 silly addNameRange     '4.7.0',
49 silly addNameRange     '3.15.1',
49 silly addNameRange     '4.7.1',
49 silly addNameRange     '3.15.2',
49 silly addNameRange     '4.7.2',
49 silly addNameRange     '4.7.3',
49 silly addNameRange     '3.15.3',
49 silly addNameRange     '4.7.4',
49 silly addNameRange     '3.16.0',
49 silly addNameRange     '4.8.0',
49 silly addNameRange     '3.16.1',
49 silly addNameRange     '4.8.1',
49 silly addNameRange     '3.16.2',
49 silly addNameRange     '4.8.2',
49 silly addNameRange     '3.16.3',
49 silly addNameRange     '3.16.4',
49 silly addNameRange     '4.8.3',
49 silly addNameRange     '3.16.5',
49 silly addNameRange     '3.16.6',
49 silly addNameRange     '4.8.4',
49 silly addNameRange     '3.16.7',
49 silly addNameRange     '4.8.5' ] ]
50 verbose addNamed [ 'express', '4.8.5' ]
51 verbose addNamed [ '4.8.5', '4.8.5' ]
52 silly lockFile 680c24b6-express-4-8-5 express@4.8.5
53 verbose lock express@4.8.5 /home/vagrant/.npm/680c24b6-express-4-8-5.lock
54 silly lockFile 680c24b6-express-4-8-5 express@4.8.5
55 silly lockFile 680c24b6-express-4-8-5 express@4.8.5
56 silly lockFile f6704440-express-4-8-5 express@^4.8.5
57 silly lockFile f6704440-express-4-8-5 express@^4.8.5
58 http 304 https://registry.npmjs.org/logfmt
59 silly registry.get cb [ 304,
59 silly registry.get   { date: 'Tue, 19 Aug 2014 17:42:49 GMT',
59 silly registry.get     server: 'Apache',
59 silly registry.get     via: '1.1 varnish',
59 silly registry.get     'last-modified': 'Tue, 19 Aug 2014 17:42:49 GMT',
59 silly registry.get     'cache-control': 'max-age=60',
59 silly registry.get     etag: '"57LUGXXCMHZJNHYE93ESX8HHV"',
59 silly registry.get     'x-served-by': 'cache-dfw1828-DFW',
59 silly registry.get     'x-cache': 'HIT',
59 silly registry.get     'x-cache-hits': '1',
59 silly registry.get     'x-timer': 'S1408470169.790555,VS0,VE0',
59 silly registry.get     vary: 'Accept',
59 silly registry.get     'content-length': '0',
59 silly registry.get     'keep-alive': 'timeout=10, max=50',
59 silly registry.get     connection: 'Keep-Alive' } ]
60 verbose etag https://registry.npmjs.org/logfmt from cache
61 silly addNameRange number 2 { name: 'logfmt', range: '>=1.1.2-0 <2.0.0-0', hasData: true }
62 silly addNameRange versions [ 'logfmt',
62 silly addNameRange   [ '0.1.0',
62 silly addNameRange     '0.2.0',
62 silly addNameRange     '0.3.0',
62 silly addNameRange     '0.3.1',
62 silly addNameRange     '0.4.0',
62 silly addNameRange     '0.5.0',
62 silly addNameRange     '0.5.1',
62 silly addNameRange     '0.6.0',
62 silly addNameRange     '0.9.0',
62 silly addNameRange     '0.9.1',
62 silly addNameRange     '0.9.2',
62 silly addNameRange     '0.10.0',
62 silly addNameRange     '0.11.0',
62 silly addNameRange     '0.11.1',
62 silly addNameRange     '0.12.0',
62 silly addNameRange     '0.13.0',
62 silly addNameRange     '0.13.1',
62 silly addNameRange     '0.14.0',
62 silly addNameRange     '0.14.1',
62 silly addNameRange     '0.15.0',
62 silly addNameRange     '0.16.0',
62 silly addNameRange     '0.17.0',
62 silly addNameRange     '0.18.0',
62 silly addNameRange     '0.18.1',
62 silly addNameRange     '0.19.0',
62 silly addNameRange     '0.20.0',
62 silly addNameRange     '0.21.0',
62 silly addNameRange     '0.22.0',
62 silly addNameRange     '0.23.0',
62 silly addNameRange     '1.0.0-pre',
62 silly addNameRange     '1.0.0-pre2',
62 silly addNameRange     '1.0.0-pre3',
62 silly addNameRange     '1.0.0',
62 silly addNameRange     '1.1.1',
62 silly addNameRange     '1.1.2' ] ]
63 verbose addNamed [ 'logfmt', '1.1.2' ]
64 verbose addNamed [ '1.1.2', '1.1.2' ]
65 silly lockFile 150a4829-logfmt-1-1-2 logfmt@1.1.2
66 verbose lock logfmt@1.1.2 /home/vagrant/.npm/150a4829-logfmt-1-1-2.lock
67 silly lockFile 150a4829-logfmt-1-1-2 logfmt@1.1.2
68 silly lockFile 150a4829-logfmt-1-1-2 logfmt@1.1.2
69 silly lockFile 34a0c9f6-logfmt-1-1-2 logfmt@^1.1.2
70 silly lockFile 34a0c9f6-logfmt-1-1-2 logfmt@^1.1.2
71 silly resolved [ { name: 'express',
71 silly resolved     description: 'Fast, unopinionated, minimalist web framework',
71 silly resolved     version: '4.8.5',
71 silly resolved     author: { name: 'TJ Holowaychuk', email: 'tj@vision-media.ca' },
71 silly resolved     contributors:
71 silly resolved      [ [Object],
71 silly resolved        [Object],
71 silly resolved        [Object],
71 silly resolved        [Object],
71 silly resolved        [Object],
71 silly resolved        [Object],
71 silly resolved        [Object] ],
71 silly resolved     keywords:
71 silly resolved      [ 'express',
71 silly resolved        'framework',
71 silly resolved        'sinatra',
71 silly resolved        'web',
71 silly resolved        'rest',
71 silly resolved        'restful',
71 silly resolved        'router',
71 silly resolved        'app',
71 silly resolved        'api' ],
71 silly resolved     repository: { type: 'git', url: 'https://github.com/strongloop/express' },
71 silly resolved     license: 'MIT',
71 silly resolved     homepage: 'http://expressjs.com/',
71 silly resolved     dependencies:
71 silly resolved      { accepts: '~1.0.7',
71 silly resolved        'buffer-crc32': '0.2.3',
71 silly resolved        debug: '1.0.4',
71 silly resolved        depd: '0.4.4',
71 silly resolved        'escape-html': '1.0.1',
71 silly resolved        finalhandler: '0.1.0',
71 silly resolved        'media-typer': '0.2.0',
71 silly resolved        methods: '1.1.0',
71 silly resolved        parseurl: '~1.3.0',
71 silly resolved        'path-to-regexp': '0.1.3',
71 silly resolved        'proxy-addr': '1.0.1',
71 silly resolved        qs: '1.2.2',
71 silly resolved        'range-parser': '1.0.0',
71 silly resolved        send: '0.8.3',
71 silly resolved        'serve-static': '~1.5.3',
71 silly resolved        'type-is': '~1.3.2',
71 silly resolved        vary: '0.1.0',
71 silly resolved        cookie: '0.1.2',
71 silly resolved        fresh: '0.2.2',
71 silly resolved        'cookie-signature': '1.0.4',
71 silly resolved        'merge-descriptors': '0.0.2',
71 silly resolved        'utils-merge': '1.0.0' },
71 silly resolved     devDependencies:
71 silly resolved      { after: '0.8.1',
71 silly resolved        istanbul: '0.3.0',
71 silly resolved        mocha: '~1.21.4',
71 silly resolved        should: '~4.0.4',
71 silly resolved        supertest: '~0.13.0',
71 silly resolved        'connect-redis': '~2.0.0',
71 silly resolved        ejs: '~1.0.0',
71 silly resolved        marked: '0.3.2',
71 silly resolved        hjs: '~0.0.6',
71 silly resolved        'body-parser': '~1.6.5',
71 silly resolved        'cookie-parser': '~1.3.1',
71 silly resolved        'express-session': '~1.7.6',
71 silly resolved        jade: '~1.5.0',
71 silly resolved        'method-override': '~2.1.3',
71 silly resolved        morgan: '~1.2.3',
71 silly resolved        multiparty: '~3.3.2',
71 silly resolved        vhost: '2.0.0' },
71 silly resolved     engines: { node: '>= 0.10.0' },
71 silly resolved     scripts:
71 silly resolved      { prepublish: 'npm prune',
71 silly resolved        test: 'mocha --require test/support/env --reporter spec --bail --check-leaks test/ test/acceptance/',
71 silly resolved        'test-cov': 'istanbul cover node_modules/mocha/bin/_mocha -- --require test/support/env --reporter dot --check-leaks test/ test/acceptance/',
71 silly resolved        'test-travis': 'istanbul cover node_modules/mocha/bin/_mocha --report lcovonly -- --require test/support/env --reporter spec --check-leaks test/ test/acceptance/' },
71 silly resolved     gitHead: '27f195374d7372f3270357873239f2c2962aafcc',
71 silly resolved     bugs: { url: 'https://github.com/strongloop/express/issues' },
71 silly resolved     _id: 'express@4.8.5',
71 silly resolved     _shasum: '59cf7666c29bf7cb8545a1acd43dd81a52cb26d9',
71 silly resolved     _from: 'express@^4.8.5',
71 silly resolved     _npmVersion: '1.4.21',
71 silly resolved     _npmUser: { name: 'dougwilson', email: 'doug@somethingdoug.com' },
71 silly resolved     maintainers:
71 silly resolved      [ [Object],
71 silly resolved        [Object],
71 silly resolved        [Object],
71 silly resolved        [Object],
71 silly resolved        [Object],
71 silly resolved        [Object],
71 silly resolved        [Object] ],
71 silly resolved     dist:
71 silly resolved      { shasum: '59cf7666c29bf7cb8545a1acd43dd81a52cb26d9',
71 silly resolved        tarball: 'http://registry.npmjs.org/express/-/express-4.8.5.tgz' },
71 silly resolved     directories: {},
71 silly resolved     _resolved: 'https://registry.npmjs.org/express/-/express-4.8.5.tgz',
71 silly resolved     readme: 'ERROR: No README data found!' },
71 silly resolved   { name: 'logfmt',
71 silly resolved     version: '1.1.2',
71 silly resolved     description: 'key=value logger and parser',
71 silly resolved     main: 'logfmt.js',
71 silly resolved     scripts: { test: 'mocha' },
71 silly resolved     bin: { logfmt: './bin/logfmt' },
71 silly resolved     dependencies: { split: '0.2.x', through: '2.3.x', lodash: '~2.4.1' },
71 silly resolved     devDependencies: { express: '3.3.x', mocha: '*', restify: '*' },
71 silly resolved     repository: { type: 'git', url: 'https://github.com/csquared/node-logfmt' },
71 silly resolved     keywords: [ 'log', 'parser', 'logfmt' ],
71 silly resolved     author: { name: 'csquared' },
71 silly resolved     license: 'MIT',
71 silly resolved     bugs: { url: 'https://github.com/csquared/node-logfmt/issues' },
71 silly resolved     _id: 'logfmt@1.1.2',
71 silly resolved     dist:
71 silly resolved      { shasum: '2e39cd575b546e9e6ae586754263b7d26d4233b3',
71 silly resolved        tarball: 'http://registry.npmjs.org/logfmt/-/logfmt-1.1.2.tgz' },
71 silly resolved     _from: 'logfmt@^1.1.2',
71 silly resolved     _npmVersion: '1.3.11',
71 silly resolved     _npmUser: { name: 'csquared', email: 'christopher.continanza@gmail.com' },
71 silly resolved     maintainers: [ [Object] ],
71 silly resolved     directories: {},
71 silly resolved     _shasum: '2e39cd575b546e9e6ae586754263b7d26d4233b3',
71 silly resolved     _resolved: 'https://registry.npmjs.org/logfmt/-/logfmt-1.1.2.tgz',
71 silly resolved     readme: 'ERROR: No README data found!',
71 silly resolved     homepage: 'https://github.com/csquared/node-logfmt' } ]
72 info install express@4.8.5 into /vagrant
73 info install logfmt@1.1.2 into /vagrant
74 info installOne express@4.8.5
75 info installOne logfmt@1.1.2
76 verbose node_modules/express unbuild
77 info preuninstall express@4.8.5
78 verbose node_modules/logfmt unbuild
79 info preuninstall logfmt@1.1.2
80 info uninstall express@4.8.5
81 info uninstall logfmt@1.1.2
82 verbose true,/vagrant/node_modules,/vagrant/node_modules unbuild express@4.8.5
83 info postuninstall express@4.8.5
84 verbose true,/vagrant/node_modules,/vagrant/node_modules unbuild logfmt@1.1.2
85 verbose /vagrant/node_modules/.bin,[object Object] binRoot
86 verbose node_modules/logfmt unbuild
87 info preuninstall logfmt@1.1.2
88 info uninstall logfmt@1.1.2
89 verbose true,/vagrant/node_modules,/vagrant/node_modules unbuild logfmt@1.1.2
90 verbose /vagrant/node_modules/.bin,[object Object] binRoot
91 error error rolling back Error: EPERM, unlink '/vagrant/node_modules/.bin/logfmt'
91 error error rolling back  logfmt@1.1.2 { [Error: EPERM, unlink '/vagrant/node_modules/.bin/logfmt']
91 error error rolling back   errno: 50,
91 error error rolling back   code: 'EPERM',
91 error error rolling back   path: '/vagrant/node_modules/.bin/logfmt' }
92 error Error: EPERM, unlink '/vagrant/node_modules/.bin/logfmt'
92 error  { [Error: EPERM, unlink '/vagrant/node_modules/.bin/logfmt']
92 error   errno: 50,
92 error   code: 'EPERM',
92 error   path: '/vagrant/node_modules/.bin/logfmt' }
93 error Please try running this command again as root/Administrator.
94 error System Linux 3.13.0-33-generic
95 error command "/usr/bin/node" "/usr/bin/npm" "install" "express" "logfmt" "--save"
96 error cwd /vagrant
97 error node -v v0.10.30
98 error npm -v 1.4.21
99 error path /vagrant/node_modules/.bin/logfmt
100 error code EPERM
101 error errno 50
102 error stack Error: EPERM, unlink '/vagrant/node_modules/.bin/logfmt'
103 verbose exit [ 50, true ]
